<?xml version="1.0" encoding="UTF-8"?>
<!-- Generated by org.testng.reporters.JUnitReportReporter -->
<testsuite hostname="DESKTOP-7ELUSME" failures="0" tests="5" name="tests.LoginTest" time="50.660" errors="0" timestamp="2025-05-25T18:27:51 IST" skipped="0">
  <testcase classname="tests.LoginTest" name="loginLogoutTest" time="7.521"/>
  <system-out/>
  <testcase classname="tests.LoginTest" name="loginLogoutTest" time="6.681"/>
  <system-out/>
  <testcase classname="tests.LoginTest" name="loginLogoutTest" time="8.259"/>
  <system-out/>
  <testcase classname="tests.LoginTest" name="loginLogoutTest" time="19.396"/>
  <system-out/>
  <testcase classname="tests.LoginTest" name="loginLogoutTest" time="8.803"/>
  <system-out/>
</testsuite> <!-- tests.LoginTest -->
