<?xml version="1.0" encoding="UTF-8"?>
<!-- Generated by org.testng.reporters.JUnitReportReporter -->
<testsuite hostname="DESKTOP-7ELUSME" failures="0" tests="4" name="tests.AdminTest" time="52.173" errors="0" timestamp="2025-05-25T18:27:51 IST" skipped="0">
  <testcase classname="tests.AdminTest" name="verifyLeftMenuCount" time="19.046"/>
  <system-out/>
  <testcase classname="tests.AdminTest" name="searchByUserName" time="9.663"/>
  <system-out/>
  <testcase classname="tests.AdminTest" name="searchByUserRole" time="10.870"/>
  <system-out/>
  <testcase classname="tests.AdminTest" name="searchByUserStatus" time="12.594"/>
  <system-out/>
</testsuite> <!-- tests.AdminTest -->
